<?xml version="1.0" encoding="UTF-8"?>
<!-- Generated by org.testng.reporters.JUnitReportReporter -->
<testsuite hostname="syeds19-pc" failures="0" tests="1" name="magento.p1.Tests.SearchForAProductTest" time="8.437" errors="0" timestamp="2024-06-16T22:24:11 IST" skipped="0">
  <testcase classname="magento.p1.Tests.SearchForAProductTest" name="testSearchForAProduct" time="8.437"/>
</testsuite> <!-- magento.p1.Tests.SearchForAProductTest -->
