<?xml version="1.0" encoding="UTF-8"?>
<!-- Generated by org.testng.reporters.JUnitReportReporter -->
<testsuite hostname="syeds19-pc" failures="0" tests="3" name="magento.p1.Tests.AddProductToCartTest" time="36.939" errors="0" timestamp="2024-06-16T23:00:36 IST" skipped="0">
  <testcase classname="magento.p1.Tests.AddProductToCartTest" name="testAddProductToCart" time="12.459"/>
  <testcase classname="magento.p1.Tests.AddProductToCartTest" name="testAddProductToCart" time="12.186"/>
  <testcase classname="magento.p1.Tests.AddProductToCartTest" name="testAddProductToCart" time="12.294"/>
</testsuite> <!-- magento.p1.Tests.AddProductToCartTest -->
