<?xml version="1.0" encoding="UTF-8"?>
<!-- Generated by org.testng.reporters.JUnitReportReporter -->
<testsuite hostname="syeds19-pc" failures="0" tests="4" name="magento.p1.Tests.AddAddressTest" time="50.625" errors="0" timestamp="2024-06-16T22:46:12 IST" skipped="0">
  <testcase classname="magento.p1.Tests.AddAddressTest" name="testAddAddress" time="10.578"/>
  <testcase classname="magento.p1.Tests.AddAddressTest" name="testAddAddress" time="15.916"/>
  <testcase classname="magento.p1.Tests.AddAddressTest" name="testAddAddress" time="11.415"/>
  <testcase classname="magento.p1.Tests.AddAddressTest" name="testAddAddress" time="12.716"/>
</testsuite> <!-- magento.p1.Tests.AddAddressTest -->
