<?xml version="1.0" encoding="UTF-8"?>
<!-- Generated by org.testng.reporters.JUnitReportReporter -->
<testsuite hostname="syeds19-pc" failures="0" tests="6" name="magento.p1.Tests.SignInTest" time="49.400" errors="0" timestamp="2024-06-16T22:24:11 IST" skipped="0">
  <testcase classname="magento.p1.Tests.SignInTest" name="testSignIn" time="9.012"/>
  <testcase classname="magento.p1.Tests.SignInTest" name="testSignIn" time="8.512"/>
  <testcase classname="magento.p1.Tests.SignInTest" name="testSignIn" time="6.324"/>
  <testcase classname="magento.p1.Tests.SignInTest" name="testSignIn" time="7.885"/>
  <testcase classname="magento.p1.Tests.SignInTest" name="testSignIn" time="8.387"/>
  <testcase classname="magento.p1.Tests.SignInTest" name="testSignIn" time="9.280"/>
</testsuite> <!-- magento.p1.Tests.SignInTest -->
