<?xml version="1.0" encoding="UTF-8"?>
<!-- Generated by org.testng.reporters.JUnitReportReporter -->
<testsuite hostname="syeds19-pc" failures="0" tests="5" name="magento.p1.Tests.RegistrationTest" time="84.223" errors="0" timestamp="2024-06-16T22:24:11 IST" skipped="0">
  <testcase classname="magento.p1.Tests.RegistrationTest" name="testRegistration" time="9.970"/>
  <testcase classname="magento.p1.Tests.RegistrationTest" name="testRegistration" time="10.766"/>
  <testcase classname="magento.p1.Tests.RegistrationTest" name="testRegistration" time="26.625"/>
  <testcase classname="magento.p1.Tests.RegistrationTest" name="testRegistration" time="26.819"/>
  <testcase classname="magento.p1.Tests.RegistrationTest" name="testRegistration" time="10.043"/>
</testsuite> <!-- magento.p1.Tests.RegistrationTest -->
